<?xml version="1.0" encoding="UTF-8"?>
<!-- Generated by org.testng.reporters.JUnitXMLReporter -->
<testsuite hostname="group10-PC" name="Smoketest_Chrome1" tests="1" failures="0" timestamp="22 Sep 2016 12:12:46 GMT" time="16.02" errors="0">
  <testcase name="@AfterTest teardown" time="0.0" classname="com.way2selenium.testcases.TestCases">
    <failure type="org.openqa.selenium.NoSuchWindowException" message="Window is closed
Build info: version: &amp;apos;2.53.1&amp;apos;, revision: &amp;apos;a36b8b1&amp;apos;, time: &amp;apos;2016-06-30 17:37:03&amp;apos;
System info: host: &amp;apos;group10-PC&amp;apos;, ip: &amp;apos;172.18.0.40&amp;apos;, os.name: &amp;apos;Windows 7&amp;apos;, os.arch: &amp;apos;amd64&amp;apos;, os.version: &amp;apos;6.1&amp;apos;, java.version: &amp;apos;1.8.0_101&amp;apos;
Driver info: driver.version: HtmlUnitDriver">
      <![CDATA[org.openqa.selenium.NoSuchWindowException: Window is closed
Build info: version: '2.53.1', revision: 'a36b8b1', time: '2016-06-30 17:37:03'
System info: host: 'group10-PC', ip: '172.18.0.40', os.name: 'Windows 7', os.arch: 'amd64', os.version: '6.1', java.version: '1.8.0_101'
Driver info: driver.version: HtmlUnitDriver
	at org.openqa.selenium.htmlunit.HtmlUnitDriver.getCurrentWindow(HtmlUnitDriver.java:1398)
	at org.openqa.selenium.htmlunit.HtmlUnitAlert.close(HtmlUnitAlert.java:99)
	at org.openqa.selenium.htmlunit.HtmlUnitDriver.quit(HtmlUnitDriver.java:650)
	at com.way2selenium.testcases.TestCases.teardown(TestCases.java:47)
... Removed 23 stack frames]]>
    </failure>
  </testcase> <!-- @AfterTest teardown -->
  <testcase name="contactForm" time="7.997" classname="com.way2selenium.testcases.TestCases"/>
</testsuite> <!-- Smoketest_Chrome1 -->
